Error: unknown command "context" for "llmem"
Run 'llmem --help' for usage.
2026/06/22 16:18:08 INFO llmem: store: vec shadow table populated embeddings=517 total=517
[0m
> architect · glm-5.2:cloud
[0m
[0m→ [0mRead /tmp/devteam-architect-2114915543/CONTEXT.md
[0m→ [0mRead /tmp/devteam-architect-2114915543/agents/architect.md
[0m→ [0mRead /tmp/devteam-architect-2114915543/CONTEXT.md[90m [offset=999][0m
[0m
[0m$ [0mrtk ls -la specs/kanban-view/ 2>/dev/null; echo "---"; rtk ls -la specs/ 2>/dev/null; echo "---"; rtk read .devteam-state.yaml 2>/dev/null | head -50
644  .devteam-state.yaml  681B
644  CONTEXT.md  81.7K
664  acceptance.md  12.6K
664  audit.md  1.5K
644  input.md  961B
664  questions.json  2.7K
664  repos.yaml  521B
664  spec.md  23.0K
---
775  001-dev-team-platform/
775  002-dev-team-web-ui/
775  003-human-interaction-points/
775  feature-spec-count-badge---show-total-count-of-feature-specs/
775  human-interaction-points---allow-the-pipeline-to-pause-for-h/
755  kanban-view/
---
[0m
[0m$ [0mrtk read .devteam-state.yaml 2>/dev/null; echo "==="; rtk ls -la .specify/ 2>/dev/null; echo "==="; rtk ls -la .specify/templates/ 2>/dev/null
===
775  extensions/
775  integrations/
775  memory/
775  scripts/
775  templates/
775  workflows/
664  extensions.yml  605B
664  init-options.json  153B
664  integration.json  284B
===
644  checklist-template.md  1.3K
644  constitution-template.md  2.3K
644  plan-template.md  3.6K
644  spec-template.md  4.4K
644  tasks-template.md  9.0K
[0m
[0m✗ [0mRead .devteam-state.yaml failed
[91m[1mError: [0mFile not found: /home/lobsterdog/source/devteam/.devteam-state.yaml

Did you mean one of these?
/home/lobsterdog/source/devteam/devteam
[0m→ [0mRead .specify/templates/plan-template.md
[0m→ [0mRead .specify/templates/tasks-template.md
[0m
[0m$ [0mrtk read specs/kanban-view/spec.md 2>/dev/null
# Feature Specification: Kanban View

**Feature Branch**: `kanban-view`

**Created**: 2026-06-22

**Status**: Draft

**Input**: User description: "Add a Kanban board view to the Dev Team UI that shows features as cards organized by phase. Features should be displayed in columns representing their current phase (Inception, Planning, Construction, Review, Testing, Delivery). Cards should show feature title, priority, and status. Users should be able to click a card to navigate to the feature detail page. Add a toggle between the current list view and the new Kanban board view."

## Workspace Summary (Brownfield)

**Project**: Dev Team — AI-DLC platform. Go backend + React/TypeScript frontend.

**Frontend stack** (the only code this feature touches):
- React 18 + TypeScript
- react-router (client routing; `Link` / `useNavigate`)
- @tanstack/react-query (server state; `useQuery(['features'])` on Dashboard)
- Tailwind CSS (utility classes, dark mode via `dark:` variant)
- Vite build
- Playwright e2e in `ui/e2e/` (port 18765)

**Existing relevant code**:
- `ui/src/pages/Dashboard.tsx` — fetches `listFeatures`, renders `FeatureList` or `EmptyState`. Has "Features" heading + count badge + "+ New Feature" button.
- `ui/src/components/FeatureList.tsx` — sort controls + responsive grid (`sm:grid-cols-2 lg:grid-cols-3`) of `FeatureCard`.
- `ui/src/components/FeatureCard.tsx` — `Link` to `/features/{id}`, shows title, id, status badge, phase badge, priority badge, gate result, updated date, question badge.
- `ui/src/components/EmptyState.tsx` — empty-features message.
- `ui/src/types/index.ts` — `FeatureSummary` (id, title, status, priority, current_phase, updated_at, gate_result, pending_questions_count), `PHASES` const (6 phases), `PHASE_LABELS`, `STATUS_LABELS`, `PRIORITY_LABELS`.

**Data source**: `listFeatures()` already returns everything the Kanban needs (current_phase, status, priority). **No backend / API / Go changes required.** Pure frontend presentation feature.

**Conventions to follow**:
- `data-testid` attributes on all interactive/observable elements (matches existing pattern — see `feature-card-${id}`, `dashboard-page`).
- Dark mode via `dark:` Tailwind variants.
- Existing badge color classes (status/phase/priority) should be reused for visual consistency.
- Existing `FeatureCard` component should be reused in the Kanban columns (single source of card truth).

## Request Analysis

- **Clarity**: Vague → needs clarification (6 questions asked).
- **Type**: New feature (UI enhancement).
- **Scope**: Single component (UI only — `ui/` repo).
- **Complexity**: Simple → clear implementation path. No new data, no backend, no state machine.
- **Priority**: P1 (declared in input).

## Source Discovery

**External standards/RFCs**: None. This is a pure UI presentation feature; no protocol, no data format standard.

**Test vectors**: None governing the feature. Existing Playwright e2e suite in `ui/e2e/` defines the testing convention to follow.

**Internal conventions**: AGENTS.md (build/test commands, Playwright port 18765, never build from worktree), FeatureCard/FeatureList patterns, `data-testid` convention.

**Error taxonomies**: None — UI feature has no protocol error codes. The only "error" path is the existing `listFeatures` failure already handled by Dashboard (`features-error` testid).

**Security constraints**: Feature renders data already returned to the authenticated UI session. No new endpoints, no new input vectors. Title is already rendered safely by React (no `dangerouslySetInnerHTML`). No new security surface.

## User Scenarios & Testing

### User Story 1 — Toggle Between List and Kanban Views (Priority: P1)

A user viewing the Dashboard can switch between the existing list/grid view of features and a new Kanban board view, and their choice persists across reloads.

**Why this priority**: The toggle is the entry point to the entire feature. Without it the Kanban board is unreachable and no other story delivers value. It is also the smallest independently-testable slice — a user can toggle and confirm the board appears, delivering immediate value even before polish.

**Independent Test**: Can be fully tested by loading the Dashboard, clicking the Kanban toggle, confirming the board renders, clicking List, confirming the grid returns, reloading, and confirming the last choice persisted. Delivers value: user can choose their preferred view.

**Acceptance Scenarios**:

1. **Given** the Dashboard is loaded with features present, **When** the user clicks the "Kanban" toggle control, **Then** the view switches from the feature grid to a Kanban board with six phase columns.
2. **Given** the Kanban board is displayed, **When** the user clicks the "List" toggle control, **Then** the view switches back to the existing feature grid.
3. **Given** the user has selected Kanban view, **When** the page is reloaded, **Then** the Kanban view is displayed again (choice persisted).
4. **Given** a user has never toggled before, **When** they load the Dashboard, **Then** the list view is shown (default).

---

### User Story 2 — View Features as Cards in Phase Columns (Priority: P1)

A user viewing the Kanban board sees all features rendered as cards grouped into six columns — one per pipeline phase (Inception, Planning, Construction, Review, Testing, Delivery). Each card shows the feature title, priority, and status. Each column has a header with the phase name and a count of features in that column.

**Why this priority**: This is the core visual deliverable — the board itself. Without it the toggle has nothing to show. Paired with US-1 it forms the minimum viable feature.

**Independent Test**: Create features in different phases (or seed via existing pipeline runs), load the Kanban view, and verify each feature appears in the column matching its `current_phase`, that card content (title/priority/status) matches the list view, and that column counts match the features present. Delivers value: at-a-glance phase distribution.

**Acceptance Scenarios**:

1. **Given** features exist in multiple phases, **When** the Kanban view is displayed, **Then** each feature appears in exactly one column corresponding to its `current_phase`.
2. **Given** the Kanban view is displayed, **Then** each column header shows the phase label (from `PHASE_LABELS`) and a feature count for that column.
3. **Given** the Kanban view is displayed, **Then** each card shows the feature title, priority badge, and status badge (same content as the existing `FeatureCard`).
4. **Given** no features exist in a phase, **When** that column is rendered, **Then** the column is still visible with its header and a count of 0 and an empty-state message inside.

---

### User Story 3 — Click a Card to Navigate to Feature Detail (Priority: P1)

A user can click any card in the Kanban board to navigate to that feature's detail page, identical to clicking a card in the list view.

**Why this priority**: The input explicitly requires click-to-navigate, and without it the board is a dead-end. Reuses the existing `FeatureCard` `Link` behavior — the test is whether the same navigation works inside a column.

**Independent Test**: Load Kanban view, click a card, confirm the URL changes to `/features/{id}` and the detail page renders. Delivers value: the board is a navigation surface, not just a display.

**Acceptance Scenarios**:

1. **Given** the Kanban view is displayed with a card for feature X, **When** the user clicks the card, **Then** the browser navigates to `/features/{id-of-X}` and the FeatureDetail page renders.
2. **Given** a card with pending questions (question badge present), **When** the user clicks the card, **Then** navigation still occurs (badge does not block the link).

---

### User Story 4 — Horizontal Scroll for Six Columns (Priority: P2)

A user on a viewport too narrow to show all six columns side-by-side can scroll the board horizontally to see off-screen columns, with column headers and counts remaining visible while scrolling.

**Why this priority**: Polish/responsive concern. The board is functional without it (US-2) but cramped on laptops. P2 because the core value (seeing features by phase) is delivered by US-1/US-2; this makes it usable on real screens.

**Independent Test**: Resize the browser to a width where 6 columns don't fit, confirm the board scrolls horizontally, confirm a column initially off-screen becomes visible after scrolling, confirm headers stay aligned with their columns. Delivers value: usable on common laptop widths.

**Acceptance Scenarios**:

1. **Given** the viewport is narrower than the combined width of six columns, **When** the Kanban view is displayed, **Then** the board is horizontally scrollable and off-screen columns become visible by scrolling.
2. **Given** the board is scrolled horizontally, **Then** each column's header and count remain aligned above their respective cards (no header/card desync).

---

### User Story 5 — Card Ordering Within Columns (Priority: P2)

Within a column, cards are ordered by priority (P1 first, then P2, then P3); ties are broken by most-recently-updated first. This makes the most important and active features visually dominant within each phase.

**Why this priority**: Ordering is a refinement of US-2. The board is useful unordered, but priority ordering is the expected Kanban convention and makes the board scannable. P2 because it improves usability without blocking core value.

**Independent Test**: Seed features in the same phase with mixed priorities and updated_at values, load Kanban, confirm the visual order matches priority-then-recency. Delivers value: important features surface first within each column.

**Acceptance Scenarios**:

1. **Given** a column contains features of priorities P1, P2, and P3, **When** the column is rendered, **Then** P1 cards appear above P2 cards, which appear above P3 cards.
2. **Given** a column contains two P1 features with different `updated_at` values, **When** the column is rendered, **Then** the more recently updated card appears above the older one.

---

### User Story 6 — Empty Board State (Priority: P3)

When there are zero features total, the Kanban toggle is hidden (or disabled) and the existing `EmptyState` component is shown, so the user is not presented with six empty columns.

**Why this priority**: Edge case. The existing Dashboard already handles the zero-features case with `EmptyState`; this story ensures the Kanban path does not regress that. P3 because it only fires in the empty-repo state and the existing empty state already handles the default list view.

**Independent Test**: With no features in the system, load Dashboard, confirm `EmptyState` is shown and the Kanban toggle is not active/visible. Delivers value: no confusing empty board on first run.

**Acceptance Scenarios**:

1. **Given** there are zero features, **When** the Dashboard loads, **Then** the existing `EmptyState` component is rendered (not six empty columns).
2. **Given** there are zero features, **Then** the Kanban toggle is hidden or disabled so the user cannot navigate to an empty board.

---

### Edge Cases

- **Feature in an unrecognized phase**: If `current_phase` is not one of the six known phases, the card must still render — in an "Unknown" bucket or appended to the last column. [ASSUMPTION: backend only ever emits one of the six PHASES, so an unknown phase is treated as a bug to surface, not a normal path. Card will render in a trailing "Other" column with a count, so no feature is silently dropped.]
- **Features list is still loading**: Kanban view should show the same loading spinner the list view uses (`features-loading`), not an empty board.
- **Features fetch errored**: Kanban view should show the same error message the list view uses (`features-error`), not an empty board.
- **Single feature across all phases**: board renders six columns, five with count 0, one with count 1 — covered by US-2 AC-4.
- **Very long feature titles**: cards must truncate the title (existing `FeatureCard` uses `truncate` class) — reusing `FeatureCard` inherits this.
- **Dark mode**: all new UI must support `dark:` variants consistent with existing components.
- **URL shareability**: [ASSUMPTION: view choice persisted in localStorage (see questions.json). If human picks URL query string instead, US-1 AC-3 changes accordingly — currently written for localStorage.]
- **Browser back/forward**: toggling view should not push duplicate history entries that trap the back button. [ASSUMPTION: toggle uses local state + localStorage, not router navigation, so back goes to the previous page, not the previous view.]
- **Pending-questions badge on a card inside a column**: must still render and must not block the card's click navigation (covered US-3 AC-2).

## Requirements

### Functional Requirements

- **FR-001**: The Dashboard MUST display a view-toggle control with at least two options: "List" and "Kanban".
  *Source: US-1*
- **FR-002**: Selecting "Kanban" MUST replace the feature grid with a Kanban board consisting of exactly six columns, one per phase in pipeline order: Inception, Planning, Construction, Review, Testing, Delivery.
  *Source: US-2*
- **FR-003**: Selecting "List" MUST restore the existing `FeatureList` component view.
  *Source: US-1*
- **FR-004**: The selected view MUST persist across page reloads via localStorage.
  *Source: US-1*
- **FR-005**: The default view (no prior selection) MUST be the List view.
  *Source: US-1*
- **FR-006**: Each Kanban column MUST display a header containing the phase label (from `PHASE_LABELS`) and the count of features currently in that phase.
  *Source: US-2*
- **FR-007**: Each feature MUST appear in exactly one column — the column whose phase equals the feature's `current_phase`.
  *Source: US-2*
- **FR-008**: Each card in a column MUST reuse the existing `FeatureCard` component (title, priority badge, status badge, gate indicator, updated date, question badge).
  *Source: US-2, US-3*
- **FR-009**: Clicking a card in the Kanban board MUST navigate to `/features/{id}`, identical to clicking a card in the list view.
  *Source: US-3*
- **FR-010**: Columns with zero features MUST still render with their header, a count of 0, and an empty-state message inside the column body.
  *Source: US-2*
- **FR-011**: When the combined width of six columns exceeds the viewport, the board MUST scroll horizontally; column headers MUST remain aligned with their columns during scroll.
  *Source: US-4*
- **FR-012**: Within a column, cards MUST be ordered by priority ascending (P1 before P2 before P3); ties MUST be broken by `updated_at` descending (most recent first).
  *Source: US-5*
- **FR-013**: When the features list is loading, the Kanban view MUST show the existing loading indicator (not an empty board).
  *Source: Edge cases*
- **FR-014**: When the features fetch errors, the Kanban view MUST show the existing error indicator (not an empty board).
  *Source: Edge cases*
- **FR-015**: When there are zero features, the Dashboard MUST show the existing `EmptyState` component and MUST NOT show the Kanban board with six empty columns.
  *Source: US-6*
- **FR-016**: When there are zero features, the view-toggle control MUST be hidden or disabled.
  *Source: US-6*
- **FR-017**: If a feature's `current_phase` is not one of the six known phases, the card MUST render in a trailing "Other" column (so no feature is silently dropped) and the column MUST follow the same header/count/empty-state rules as phase columns.
  *Source: Edge cases*
- **FR-018**: All new UI MUST support dark mode via Tailwind `dark:` variants consistent with existing components.
  *Source: Edge cases*

### Key Entities

This feature introduces **no new entities**. It is a presentation layer over the existing `FeatureSummary`:

- **FeatureSummary** (existing, unchanged): id, title, status, priority, current_phase, updated_at, gate_result, pending_questions_count. Source: `ui/src/types/index.ts`.
- **Phase column** (view-only, not persisted): derived from the `PHASES` constant + the set of features. Has a label (`PHASE_LABELS`), an ordered card list (filtered + sorted from `FeatureSummary[]`), and a count. Not an entity in the data model — a derived view.
- **View mode** (UI state only): enum { list, kanban }. Persisted in localStorage key (e.g. `devteam-dashboard-view`). Not a backend entity.

No state transitions to document — the only state is the view-mode toggle (list ⇄ kanban), both directions always valid.

## Success Criteria

### Measurable Outcomes

- **SC-001**: A user can switch from list to Kanban view in a single click and see all features grouped by phase within 1 render frame (no spinner beyond the existing listFeatures load).
- **SC-002**: Every feature visible in the list view is visible in exactly one Kanban column (no features dropped, no duplicates across columns).
- **SC-003**: Column counts shown in the Kanban headers match the actual number of features in each column (verifiable by summing counts and comparing to `total_count`).
- **SC-004**: Clicking any Kanban card navigates to the same URL as clicking the corresponding list-view card (`/features/{id}`) — 100% parity.
- **SC-005**: A user who selects Kanban, reloads the page, and sees Kanban again — persistence works on first reload (100% of attempts).
- **SC-006**: On a 1280px-wide viewport the board scrolls horizontally to reveal all six columns; no column is permanently clipped.
- **SC-007**: The Kanban view renders correctly in dark mode with no unthemed elements (no white-on-white or black-on-black text/backgrounds).
- **SC-008**: With zero features, the user never sees six empty columns — the existing EmptyState is shown (100% of empty-repo loads).

## Assumptions

- [ASSUMPTION: view choice persisted in localStorage, not URL query string. Default = list. Will revise if human picks URL query string in questions.json.]
- [ASSUMPTION: no drag-and-drop — cards are display-only; phase changes happen only through the pipeline. The board is an observation/navigation surface, not an editing surface. Will revise if human picks drag-and-drop.]
- [ASSUMPTION: all six phase columns are always shown, including empty ones, with an in-column empty-state message. Will revise if human picks "hide empty columns".]
- [ASSUMPTION: card ordering within a column is priority asc, then updated_at desc. Will revise if human picks a different ordering.]
- [ASSUMPTION: horizontal scroll for overflow on all viewport sizes (no separate mobile stacking layout). Will revise if human picks responsive wrap or mobile-stack.]
- [ASSUMPTION: column headers show feature counts. Will revise if human picks "headers minimal".]
- [ASSUMPTION: backend only ever emits one of the six known phase values for `current_phase`. Unknown phases are handled defensively (FR-017) but treated as a backend bug, not a normal path.]
- [ASSUMPTION: the existing `listFeatures` response shape does not need to change — it already returns `current_phase`, `status`, `priority`, `title`, `updated_at`, `gate_result`, `pending_questions_count`.]
- [ASSUMPTION: no new API endpoints, no backend changes, no Go changes. Entire feature is inside `ui/`.]
- [ASSUMPTION: existing Playwright e2e infrastructure (port 18765, `ui/e2e/`) is the test harness for this feature; no new test runner.]
- [ASSUMPTION: the existing `FeatureCard` component is reused verbatim inside columns so card appearance is identical between list and Kanban views.]

## Constraint Register

This feature implements no protocol and no external standard, so there are no RFC/standard-derived constraints. The constraints below are derived from internal conventions and the feature's own requirements; each has a matching acceptance criterion.

| ID | Source | Section/Vector | Type | Constraint | Verification Method |
|----|--------|----------------|------|------------|---------------------|
| CON-001 | AGENTS.md | "Frontend (UI)" | consistency | Build/test commands match repo: `npm run build`, `npm run lint`, `npx playwright test`. Do not invent commands. | AC-CON-001 |
| CON-002 | AGENTS.md | "Playwright E2E Tests" | consistency | E2E tests run on port 18765, not 8765. Config at `ui/playwright.config.ts`. | AC-CON-002 |
| CON-003 | Existing code | FeatureCard.tsx | consistency | Card markup reused via the `FeatureCard` component — no duplicated card markup in the Kanban column. | AC-CON-003 |
| CON-004 | Existing code | types/index.ts `PHASES` | consistency | Column set and order match the `PHASES` constant exactly (inception, planning, construction, review, testing, delivery). | AC-CON-004 |
| CON-005 | Existing code | types/index.ts `PHASE_LABELS` | consistency | Column header text comes from `PHASE_LABELS`, not hardcoded strings. | AC-CON-005 |
| CON-006 | Existing code | Dashboard.tsx `data-testid` | consistency | New interactive elements carry `data-testid` attributes matching the existing naming pattern. | AC-CON-006 |
| CON-007 | Constitution §V | Proof-of-Work Gates | consistency | Tester names specific Playwright test files and assertions traced to user stories — no "it works" claims. | AC-CON-007 |
| CON-008 | Constitution §VIII | Go, Minimal Dependencies | consistency | No new runtime dependency added to `ui/package.json` unless required; prefer existing Tailwind/react-router/react-query primitives. | AC-CON-008 |
| CON-009 | overconfidence-prevention | "Empty state behavior" | correctness | Empty column (count 0) is a valid state with a message, not an error and not a hidden column (per assumption pending question answer). | AC-006 / AC-CON-009 |
| CON-010 | overconfidence-prevention | "Happy Path Only" | correctness | Loading and error states for `listFeatures` are handled in Kanban view identically to list view. | AC-009 / AC-010 |

## Constitution Compliance

| Principle | Status | Rationale |
|---|---|---|
| I. Spec-Driven, Always | Compliant | This spec is the contract. No implementation begins without it + acceptance.md + repos.yaml. |
| II. Six Roles, Fixed Pipeline | Compliant | Feature enters via PM (inception). Architect/Developer/Reviewer/Tester/Ops will each run their phase. |
| III. Central Spec, Distributed Implementation | Compliant | Single spec in `specs/kanban-view/`. repos.yaml declares scope (single repo: `ui/`). No spec duplication. |
| IV. Two Intake Paths, One Output Format | Compliant | Loose idea → same spec.md + acceptance.md + repos.yaml shape as any other feature. |
| V. Proof-of-Work Gates | Compliant | Acceptance criteria are Given/When/Then with test levels; Tester will name specific Playwright files/assertions (CON-007). |
| VI. Cross-Repo Coherence | Compliant (N/A) | Single-repo feature (`ui/` only). No cross-repo coherence burden. |
| VII. Self-Bootstrap | Compliant (N/A) | Not the platform-building spec; ordinary feature. |
| VIII. Go, Minimal Dependencies | Compliant | No Go changes. UI must avoid new npm deps (CON-008); use existing Tailwind/react-router/react-query. |
| IX. Pipeline Governance | Compliant | Inception rules followed: source discovery documented, constraint register present, ACs have test levels, assumptions marked, brownfield workspace analyzed. |
| X. Learn From Cistern | Compliant | Role identity clear (PM, inception). Phase gate will be mechanically enforced by orchestrator. Convergence via acceptance criteria. |

No violations. No justifications needed.
[0m
[0m$ [0mrtk read specs/kanban-view/acceptance.md 2>/dev/null; echo "===REPOS==="; rtk read specs/kanban-view/repos.yaml 2>/dev/null; echo "===QUESTIONS==="; rtk read specs/kanban-view/questions.json 2>/dev/null; echo "===AUDIT==="; rtk read specs/kanban-view/audit.md 2>/dev/null
# Acceptance Criteria — kanban-view

Every criterion is Given/When/Then with a test level and a specific verification. UI feature → e2e via Playwright (port 18765) is the primary level; unit for pure sort logic.

## US-1 — Toggle Between List and Kanban Views

AC-001: Given the Dashboard is loaded with at least one feature, when the user clicks the "Kanban" toggle control, then the feature grid is replaced by a Kanban board containing six phase columns.
  Test level: e2e
  Verification: Playwright — locate `[data-testid="view-toggle-kanban"]`, click, assert `[data-testid="kanban-board"]` is visible and `[data-testid="feature-list"]` is not visible.

AC-002: Given the Kanban board is displayed, when the user clicks the "List" toggle control, then the board is replaced by the existing feature grid (`FeatureList`).
  Test level: e2e
  Verification: Playwright — locate `[data-testid="view-toggle-list"]`, click, assert `[data-testid="feature-list"]` is visible and `[data-testid="kanban-board"]` is not visible.

AC-003: Given the user has selected Kanban view, when the page is reloaded, then the Kanban view is displayed again without any user interaction.
  Test level: e2e
  Verification: Playwright — click Kanban toggle, `page.reload()`, assert `[data-testid="kanban-board"]` is visible. Confirm `localStorage.getItem("devteam-dashboard-view")` === `"kanban"` before and after reload.

AC-004: Given a user has never toggled before (no localStorage key), when they load the Dashboard, then the List view is shown.
  Test level: e2e
  Verification: Playwright — `page.evaluate(() => localStorage.clear())`, load Dashboard, assert `[data-testid="feature-list"]` is visible and `[data-testid="kanban-board"]` is not visible.

AC-005: Given the view-toggle control is rendered, then both toggle options have `data-testid` attributes (`view-toggle-list`, `view-toggle-kanban`) and the currently-active option is marked with an aria-pressed or visually-distinct state.
  Test level: e2e
  Verification: Playwright — assert both testids exist; assert the active option has `aria-pressed="true"` or a distinct active class.

## US-2 — View Features as Cards in Phase Columns

AC-006: Given features exist in multiple phases, when the Kanban view is displayed, then each feature appears in exactly one column and that column's phase matches the feature's `current_phase`.
  Test level: e2e
  Verification: Playwright — read features via the list view (each card has `data-testid="feature-card-{id}"` with `data-testid="feature-card-phase"` text), switch to Kanban, for each feature assert its card appears inside the column `[data-testid="kanban-column-{phase}"]` matching the phase read earlier. Assert no card appears in two columns.

AC-007: Given the Kanban view is displayed, then each column header shows the phase label from `PHASE_LABELS` (Inception, Planning, Construction, Review, Testing, Delivery) and a count.
  Test level: e2e
  Verification: Playwright — for each of the six testids `kanban-column-inception` ... `kanban-column-delivery`, assert the header text contains the expected label and a count (e.g. `/^Inception\s*\(\d+\)$/`).

AC-008: Given the Kanban view is displayed, then each card shows the feature title, priority badge, and status badge with the same content as the list-view card for that feature.
  Test level: e2e
  Verification: Playwright — for a sample feature, read `feature-card-title`, `feature-card-priority`, `feature-card-status` in list view, switch to Kanban, read the same testids inside that feature's column, assert text content is identical.

AC-009: Given the features list is still loading, when the Kanban view is the selected view, then the existing loading indicator is shown (`[data-testid="features-loading"]`) and no board is rendered.
  Test level: e2e
  Verification: Playwright — intercept `/api/features` with a delayed response, load Dashboard with view=kanban, assert `[data-testid="features-loading"]` is visible and `[data-testid="kanban-board"]` is not rendered.

AC-010: Given the features fetch returned an error, when the Kanban view is the selected view, then the existing error indicator is shown (`[data-testid="features-error"]`) and no board is rendered.
  Test level: e2e
  Verification: Playwright — intercept `/api/features` with a 500, load Dashboard with view=kanban, assert `[data-testid="features-error"]` is visible and `[data-testid="kanban-board"]` is not rendered.

AC-011: Given no features exist in a phase, when that column is rendered, then the column is still visible with its header, a count of 0, and an in-column empty-state message.
  Test level: e2e
  Verification: Playwright — seed state where at least one phase has zero features, load Kanban, assert `[data-testid="kanban-column-{empty-phase}"]` is visible, its header shows count `(0)`, and `[data-testid="kanban-column-empty-state"]` inside it is visible with non-empty text.

## US-3 — Click a Card to Navigate to Feature Detail

AC-012: Given the Kanban view is displayed with a card for feature X, when the user clicks the card, then the browser navigates to `/features/{id-of-X}` and the FeatureDetail page renders.
  Test level: e2e
  Verification: Playwright — in Kanban view, click `[data-testid="feature-card-{X.id}"]`, assert `page.url()` matches `/features/${X.id}`, assert `[data-testid="feature-detail-page"]` (or the existing detail root) is visible.

AC-013: Given a card has a pending-questions badge, when the user clicks the card body, then navigation still occurs (badge does not block the link).
  Test level: e2e
  Verification: Playwright — seed a feature with `pending_questions_count > 0`, switch to Kanban, click the card, assert navigation to `/features/{id}` succeeds.

## US-4 — Horizontal Scroll for Six Columns

AC-014: Given the viewport is narrower than the combined width of six columns, when the Kanban view is displayed, then the board scrolls horizontally and an off-screen column becomes visible after scrolling.
  Test level: e2e
  Verification: Playwright — `page.setViewportSize({width: 800, height: 600})`, load Kanban, assert `[data-testid="kanban-board"]` has `scrollWidth > clientWidth`, assert column `kanban-column-delivery` is not fully in the viewport initially; scroll the board right (`scrollLeft = scrollWidth`), assert `kanban-column-delivery` bounding box is now within the viewport.

AC-015: Given the board is scrolled horizontally, then each column's header remains aligned above its cards (header does not detach or desync).
  Test level: e2e
  Verification: Playwright — load Kanban at narrow width, for a sample column read the header's `boundingBox().x` and the first card's `boundingBox().x`, scroll the board, re-read both, assert the x-difference between header and card stays constant (within 1px).

## US-5 — Card Ordering Within Columns

AC-016: Given a column contains features of priorities P1, P2, and P3, when the column is rendered, then P1 cards appear above P2 cards, which appear above P3 cards.
  Test level: e2e
  Verification: Playwright — seed three features in the same phase with priorities 1, 2, 3, load Kanban, read the `data-testid="feature-card-priority"` text and `boundingBox().y` for each card inside `kanban-column-{phase}`, assert y-order matches priority order (P1 smallest y).

AC-017: Given a column contains two features of the same priority with different `updated_at`, when the column is rendered, then the more recently updated card appears above the older one.
  Test level: e2e
  Verification: Playwright — seed two features same phase, same priority, feature A `updated_at` newer than B, load Kanban, assert A's card `boundingBox().y` < B's card `boundingBox().y`.

AC-018: Given a column's card ordering logic, when the ordering function is invoked with an unsorted feature list, then it returns cards ordered by priority asc then `updated_at` desc.
  Test level: unit
  Verification: Vitest (or existing UI unit test runner) — import the sort helper, call with a fixture array, assert output order. (If the helper is inlined into the component, extract a pure `orderCards(features)` function so it is unit-testable — no other refactor required.)

## US-6 — Empty Board State

AC-019: Given there are zero features, when the Dashboard loads, then the existing `EmptyState` component is rendered (not six empty columns).
  Test level: e2e
  Verification: Playwright — seed empty repo state, load Dashboard, assert `[data-testid="empty-state"]` is visible and `[data-testid="kanban-board"]` is not in the DOM.

AC-020: Given there are zero features, then the view-toggle control is not visible (or is disabled).
  Test level: e2e
  Verification: Playwright — seed empty state, load Dashboard, assert neither `[data-testid="view-toggle-list"]` nor `[data-testid="view-toggle-kanban"]` is visible (or both have `aria-disabled="true"` / `disabled` attribute).

## Constraint-Register Acceptance Criteria

AC-CON-001: Given the implementation is built, then it builds and lints with the repo's existing commands — `npm run build` and `npm run lint` in `ui/`.
  Test level: smoke
  Verification: Run `cd ui && npm run build` and `cd ui && npm run lint`; both exit 0. No new build tool introduced.

AC-CON-002: Given e2e tests are run, then they execute against port 18765 via the existing `ui/playwright.config.ts`.
  Test level: smoke
  Verification: `cd ui && npx playwright test --reporter=line` runs against the config's `webServer` on 18765; no test hardcodes 8765.

AC-CON-003: Given the Kanban column renders cards, then the card markup is produced by the existing `FeatureCard` component (imported, not re-implemented inline).
  Test level: unit
  Verification: Grep the new Kanban component source — it imports `FeatureCard` from `./FeatureCard` and renders `<FeatureCard ... />`; no duplicated card JSX (title/status/priority/gate markup) in the column body.

AC-CON-004: Given the board renders columns, then the column set and order match `PHASES` exactly: inception, planning, construction, review, testing, delivery.
  Test level: e2e
  Verification: Playwright — read `data-testid` of all `kanban-column-*` elements in DOM order, assert the sequence is `kanban-column-inception`, `...-planning`, `...-construction`, `...-review`, `...-testing`, `...-delivery`.

AC-CON-005: Given column headers are rendered, then the label text is derived from `PHASE_LABELS` (imported), not a hardcoded string literal.
  Test level: unit
  Verification: Grep the new component source — `PHASE_LABELS` is imported from `../types`; no string literal "Inception"/"Planning"/etc. used as a header label.

AC-CON-006: Given any new interactive element is added (toggles, columns, cards), then it carries a `data-testid` attribute following the existing `kebab-case` naming pattern.
  Test level: e2e
  Verification: Playwright — every selector used in the test suite is a `[data-testid=...]` selector; no class-based or text-based selectors for interactive elements.

AC-CON-007: Given the testing phase runs, then the Tester's report names specific Playwright spec files and specific assertions traced to user stories (AC-NNN).
  Test level: process
  Verification: The test-report.md maps each AC-NNN to a `describe`/`it` block in a named `ui/e2e/kanban.spec.ts` (or similar) file with quoted assertion lines. No "works as expected" claims.

AC-CON-008: Given the implementation is complete, then `ui/package.json` has no new runtime dependencies (or, if one was unavoidable, the plan.md justifies it).
  Test level: smoke
  Verification: `git diff main -- ui/package.json ui/package-lock.json` shows no added runtime deps, or the added dep is documented in plan.md with rationale. Tailwind / react-router / react-query cover all needs.

AC-CON-009: Given a column has zero features, then the column shows an empty-state message (not an error, not hidden).
  Test level: e2e
  Verification: (= AC-011) — covered by the empty-column assertion there.

AC-CON-010: Given `listFeatures` is loading or errored, then the Kanban view shows the same loading/error UI as the list view (not a blank board).
  Test level: e2e
  Verification: (= AC-009, AC-010) — covered there.

## Coverage Matrix

| User Story | ACs | Test Levels |
|---|---|---|
| US-1 Toggle | AC-001..AC-005 | e2e |
| US-2 Cards in columns | AC-006..AC-011 | e2e |
| US-3 Click to detail | AC-012, AC-013 | e2e |
| US-4 Horizontal scroll | AC-014, AC-015 | e2e |
| US-5 Card ordering | AC-016, AC-017, AC-018 | e2e, unit |
| US-6 Empty board | AC-019, AC-020 | e2e |
| Constraints | AC-CON-001..AC-CON-010 | smoke, e2e, unit, process |

Every user story has at least one smoke/e2e criterion (UI change → e2e required). US-5 has a unit criterion for the pure sort logic. Error/loading paths (AC-009, AC-010) and empty states (AC-011, AC-019, AC-020) are explicitly covered.===REPOS===
repos:
  - name: devteam
    path: .
    role: primary
    changes: >
      UI-only feature. Add a Kanban board view to the Dashboard
      (ui/src/pages/Dashboard.tsx or a new ui/src/components/KanbanBoard.tsx)
      with six phase columns, reusing the existing FeatureCard component.
      Add a List/Kanban view toggle with localStorage persistence.
      No backend, no Go, no API, no database changes. No new npm runtime
      dependencies. New Playwright e2e specs under ui/e2e/ cover the
      acceptance criteria.===QUESTIONS===
[
  {
    "phase": "inception",
    "role": "pm",
    "question": "Should users be able to drag-and-drop cards between phase columns to change a feature's phase, or is the Kanban view display-only (navigation via click-to-detail)?",
    "type": "multiple_choice",
    "options": [
      "Display-only — cards show current phase, clicking navigates to detail page, phase changes only through the pipeline",
      "Drag-and-drop to move features between phases (writes to backend, updates current_phase)",
      "Drag-and-drop with confirmation dialog before persisting the phase change"
    ]
  },
  {
    "phase": "inception",
    "role": "pm",
    "question": "How should the view toggle (list vs Kanban) be persisted across page reloads?",
    "type": "multiple_choice",
    "options": [
      "Persist in localStorage so it survives reloads and browser restarts",
      "Persist in the URL query string (e.g. ?view=kanban) so it is shareable and bookmarkable",
      "Do not persist — default to list view on every page load, user toggles each session"
    ]
  },
  {
    "phase": "inception",
    "role": "pm",
    "question": "What should the Kanban board show for columns that have no features in them?",
    "type": "multiple_choice",
    "options": [
      "Always show all six phase columns with an empty-state message (e.g. 'No features') inside",
      "Hide columns that have zero features to save horizontal space",
      "Show all columns but collapse empty ones to a narrow strip that can be expanded"
    ]
  },
  {
    "phase": "inception",
    "role": "pm",
    "question": "Within a phase column, how should cards be ordered?",
    "type": "multiple_choice",
    "options": [
      "By priority (P1 first, then P2, then P3), ties broken by most recently updated",
      "By most recently updated (descending), regardless of priority",
      "By status first (in_progress, waiting_for_human, gate_blocked, done) then priority"
    ]
  },
  {
    "phase": "inception",
    "role": "pm",
    "question": "How should the board handle horizontal overflow when all six columns don't fit on screen (e.g. mobile, narrow viewports)?",
    "type": "multiple_choice",
    "options": [
      "Horizontal scroll — columns stay fixed-width, board scrolls left/right",
      "Responsive column wrap — columns reflow into a grid on narrow screens",
      "Horizontal scroll on desktop, stacked vertical list of phases on mobile"
    ]
  },
  {
    "phase": "inception",
    "role": "pm",
    "question": "Should each phase column display a count of features in that column (e.g. 'Inception (3)')?",
    "type": "multiple_choice",
    "options": [
      "Yes — show feature count in each column header",
      "No — keep headers minimal with just the phase name"
    ]
  }
]===AUDIT===
# Inception Audit Trail — kanban-view

## 2026-06-22T00:00:00Z
**Action**: Source discovery & workspace analysis
**Details**: Brownfield. Read AGENTS.md, .specify/memory/constitution.md, .specify/templates/spec-template.md. Scanned ui/src — React/TS + react-router + @tanstack/react-query + Tailwind. Existing Dashboard renders FeatureList (grid of FeatureCard). FeatureSummary type has id/title/status/priority/current_phase/updated_at/gate_result/pending_questions_count. PHASES constant defines 6 phases. listFeatures API already returns all data needed for Kanban — no backend changes required. No external RFCs/standards govern this feature (pure UI presentation).

## 2026-06-22T00:00:01Z
**Action**: Clarifying questions written
**Details**: Wrote specs/kanban-view/questions.json with 6 questions covering: drag-and-drop vs display-only, view-toggle persistence, empty-column behavior, card ordering, overflow/mobile strategy, column counts. Feature is a loose idea → questions mandatory. Proceeding with conservative assumptions per error-recovery extension so artifacts exist for the gate; assumptions will be revised if the human answers.

## 2026-06-22T00:00:02Z
**Action**: Spec artifacts written
**Details**: spec.md, acceptance.md, repos.yaml produced. Constitution compliance checked (Section X).

## 2026-06-22T00:00:03Z
**Action**: Constitution check
**Details**: .specify/memory/constitution.md read. All 10 principles compliant — see spec.md "Constitution Compliance" section.
[0m
[0m$ [0mrtk ls ui/src/ ui/src/components/ ui/src/pages/ ui/src/types/ 2>/dev/null; echo "==="; rtk read ui/src/pages/Dashboard.tsx 2>/dev/null
api/
components/
hooks/
pages/
types/
App.tsx  1.0K
index.css  152B
main.tsx  817B
vite-env.d.ts  37B
AgentOutput.tsx  3.0K
ArtifactViewer.tsx  5.2K
ConnectionStatus.tsx  754B
EmptyState.tsx  1.2K
FeatureCard.tsx  3.6K
FeatureList.tsx  3.5K
GateResult.tsx  1.8K
IntakeForm.tsx  8.6K
PhaseTimeline.tsx  2.7K
ProcessView.tsx  5.9K
QuestionBadge.tsx  618B
QuestionCard.tsx  6.8K
ThemeToggle.tsx  2.1K
Toast.tsx  1.9K
Dashboard.tsx  3.8K
FeatureDetail.tsx  22.7K
index.ts  6.0K
===
import { useState } from 'react';
import { useNavigate } from 'react-router';
import { useQuery, useMutation, useQueryClient } from '@tanstack/react-query';
import { listFeatures, createFeature, ApiError } from '../api/client';
import { useToast } from '../components/Toast';
import type { CreateFeatureRequest, FeatureSummary } from '../types';
import FeatureList from '../components/FeatureList';
import IntakeForm from '../components/IntakeForm';
import EmptyState from '../components/EmptyState';

export default function Dashboard() {
  const [showIntakeForm, setShowIntakeForm] = useState(false);
  const queryClient = useQueryClient();
  const { addToast } = useToast();
  const navigate = useNavigate();

  const { data, isLoading, error } = useQuery({
    queryKey: ['features'],
    queryFn: listFeatures,
  });

  const createMutation = useMutation({
    mutationFn: ({ req, startImmediately }: { req: CreateFeatureRequest; startImmediately: boolean }) => {
      req.start_immediately = startImmediately;
      return createFeature(req);
    },
    onSuccess: (data, variables) => {
      queryClient.invalidateQueries({ queryKey: ['features'] });
      setShowIntakeForm(false);
      if (variables.startImmediately) {
        addToast('success', 'Feature created — inception starting');
      } else {
        addToast('success', 'Feature created');
      }
      navigate(`/features/${data.id}`);
    },
    onError: (err: Error) => {
      if (err instanceof ApiError && err.code === 'duplicate_title') {
        addToast('error', `A feature with a similar title already exists: ${err.details}`);
      } else {
        addToast('error', `Failed to create feature: ${err.message}`);
      }
    },
  });

  const features: FeatureSummary[] = data?.features ?? [];
  const totalCount = data?.total_count ?? 0;

  return (
    <div data-testid="dashboard-page">
      <div className="flex items-center justify-between mb-6">
        <div className="flex items-center gap-2">
          <h2 className="text-2xl font-bold text-gray-900 dark:text-white">Features</h2>
          {!isLoading && !error && (
            <span
              data-testid="feature-count-badge"
              aria-label={`Total features: ${totalCount}`}
              className="inline-flex items-center justify-center min-w-[2.5rem] h-6 px-2 rounded-full bg-blue-100 text-blue-800 dark:bg-blue-900 dark:text-blue-200 text-xs font-bold"
            >
              {totalCount}
            </span>
          )}
        </div>
        <button
          onClick={() => setShowIntakeForm(true)}
          className="px-4 py-2 bg-blue-600 text-white rounded-lg hover:bg-blue-700 transition-colors text-sm font-semibold shadow-sm"
          data-testid="create-feature-button"
        >
          + New Feature
        </button>
      </div>

      {showIntakeForm && (
        <IntakeForm
          onSubmit={(req, startImmediately) => createMutation.mutate({ req, startImmediately })}
          onCancel={() => setShowIntakeForm(false)}
          isLoading={createMutation.isPending}
        />
      )}

      {isLoading && (
        <div className="flex items-center justify-center py-12" data-testid="features-loading">
          <div className="animate-spin rounded-full h-8 w-8 border-b-2 border-blue-600"></div>
          <span className="ml-3 text-gray-500 dark:text-gray-400">Loading features...</span>
        </div>
      )}

      {error && (
        <div className="text-red-600 dark:text-red-400 py-4" data-testid="features-error">
          Failed to load features: {error.message}
        </div>
      )}

      {!isLoading && !error && features.length === 0 && (
        <EmptyState onCreateClick={() => setShowIntakeForm(true)} />
      )}

      {!isLoading && !error && features.length > 0 && (
        <FeatureList features={features} />
      )}
    </div>
  );
}
[0m
[0m→ [0mRead ui/src/components/FeatureList.tsx
[0m→ [0mRead ui/src/components/FeatureCard.tsx
[0m→ [0mRead ui/src/types/index.ts
[0m→ [0mRead ui/src/components/EmptyState.tsx
[0m
[0m$ [0mrtk ls ui/ 2>/dev/null; echo "==="; rtk ls ui/e2e/ 2>/dev/null; echo "==="; rtk read ui/playwright.config.ts 2>/dev/null; echo "==="; rtk read ui/package.json 2>/dev/null; echo "==="; rtk read ui/vite.config.ts 2>/dev/null
e2e/
src/
test-results/
.gitignore  83B
index.html  356B
package-lock.json  130.0K
package.json  830B
playwright.config.ts  1.0K
tsconfig.json  688B
vite.config.ts  647B
===
app.spec.ts  6.8K
===
import { defineConfig } from '@playwright/test';
import path from 'path';

const repoRoot = path.resolve(__dirname, '..');

export default defineConfig({
  testDir: './e2e',
  timeout: 30000,
  expect: { timeout: 10000 },
  fullyParallel: false,
  retries: 1,
  use: {
    baseURL: process.env.BASE_URL || 'http://localhost:18765',
    trace: 'on-first-retry',
  },
  webServer: {
    // Use port 18765 for tests to avoid conflicts with the production
    // devteam-web service running on :8765.
    // SERVER_BINARY should be a full command including cd if needed, e.g.:
    //   SERVER_BINARY="cd /path/to/repo && /path/to/binary -http :18765"
    command: process.env.SERVER_BINARY || `cd ${repoRoot} && ~/go/bin/devteam -http :18765`,
    cwd: repoRoot,
    port: parseInt(process.env.SERVER_PORT || '18765'),
    // Reuse an existing server on the port if one is running.
    // Set START_SERVER=1 to force Playwright to start its own server.
    reuseExistingServer: !process.env.START_SERVER,
    timeout: 15000,
  },
});===
{
  "name": "devteam-ui",
  "private": true,
  "version": "0.1.0",
  "type": "module",
  "scripts": {
    "dev": "vite",
    "build": "tsc -b && vite build",
    "preview": "vite preview",
    "lint": "eslint .",
    "test:e2e": "playwright test",
    "test:e2e:headed": "playwright test --headed"
  },
  "dependencies": {
    "@tanstack/react-query": "^5.80.0",
    "highlight.js": "^11.11.0",
    "react": "^19.1.0",
    "react-dom": "^19.1.0",
    "react-markdown": "^10.1.0",
    "react-router": "^7.6.0",
    "rehype-highlight": "^7.0.2"
  },
  "devDependencies": {
    "@playwright/test": "^1.61.0",
    "@tailwindcss/vite": "^4.1.0",
    "@types/react": "^19.2.17",
    "@types/react-dom": "^19.2.3",
    "@vitejs/plugin-react": "^4.5.0",
    "tailwindcss": "^4.1.0",
    "typescript": "^5.8.3",
    "vite": "^6.3.0"
  }
}
===
import { defineConfig } from 'vite';
import react from '@vitejs/plugin-react';
import tailwindcss from '@tailwindcss/vite';

export default defineConfig({
  plugins: [
    react(),
    tailwindcss(),
  ],
  server: {
    proxy: {
      '/api': {
        target: 'http://localhost:8080',
        changeOrigin: true,
      },
    },
  },
  build: {
    rollupOptions: {
      output: {
        manualChunks: {
          'vendor-react': ['react', 'react-dom', 'react-router'],
          'vendor-query': ['@tanstack/react-query'],
          'vendor-markdown': ['react-markdown', 'rehype-highlight', 'highlight.js'],
        },
      },
    },
  },
});
[0m
[0m→ [0mRead ui/e2e/app.spec.ts
[0m
[0m$ [0mrtk cat .specify/memory/constitution.md 2>/dev/null | head -120
# Dev Team Constitution

## I. Spec-Driven, Always

Every feature starts with a spec. No implementation begins without spec.md, plan.md, and acceptance.md in the central spec repo. The spec IS the contract — code that doesn't match the spec is wrong code, not wrong spec.

## II. Six Roles, Fixed Pipeline

The pipeline is the product. Product Manager → Architect → Developer → Code Reviewer → Tester → Release Engineer. Roles cannot be skipped, reordered, or combined. Phase gates are enforced by the orchestrator, not by agent goodwill.

## III. Central Spec, Distributed Implementation

Specs live in one place: the devteam repository. Features that span multiple repos have one spec with a repos.yaml declaring scope. Implementation repos hold a thin .devteam/ pointer back to the central spec. Never duplicate specs across repos.

## IV. Two Intake Paths, One Output Format

Loose ideas and formal roadmaps both enter through the PM role and produce the same artifact shape: spec.md + acceptance.md + repos.yaml. The downstream pipeline is format-agnostic.

## V. Proof-of-Work Gates

Every role must demonstrate it did its job, not just claim it. The Reviewer quotes specific code against acceptance criteria. The Tester names specific test cases traced to user stories. The Architect references specific files and lines. "No issues found" is not acceptable without evidence.

## VI. Cross-Repo Coherence

When a feature spans repos, the Developer works across all of them in one coherent task. The Reviewer validates all repos against the same spec. QA traces user stories to implementations across repos. One spec, one set of acceptance criteria, coherent output.

## VII. Self-Bootstrap

The platform builds itself. Spec 001 is "build the Dev Team platform." Every bug found during real work becomes a spec processed through the platform itself.

## VIII. Go, Minimal Dependencies

The orchestrator is a Go binary. No Python runtime dependency for the core pipeline. Spec Kit's specify CLI is used as a build-time tool for spec scaffolding, not as a runtime dependency.

## IX. Pipeline Governance

Phase-appropriate rules govern each role's behavior. Inception rules guide the PM. Planning rules guide the Architect (including test strategy). Construction rules guide the Developer (including self-verification). Review rules guide the Reviewer. Testing rules guide the Tester (including 4-level testing). Delivery rules guide the Ops. Extensions provide deeper guidance:
- Security and resiliency extensions load for priority-1 features (security also for priority-2)
- Error-recovery and overconfidence-prevention extensions load for all features (always-on)
- The rules are markdown files injected into agent context, not code.

Quality is baked into every phase, not bolted on at the end:
- PM writes acceptance criteria with test levels
- Architect includes test strategy and done conditions
- Developer self-verifies before marking complete
- Reviewer checks null safety, error paths, and middleware chains
- Tester verifies at 4 levels (smoke, integration, e2e, unit)

## X. Learn From Cistern

Structured context beats freeform descriptions. Role identity must be clear and distinct. Phase gates must be mechanically enforced, not procedurally remembered. Specs must have convergence detection. We carry these lessons forward without carrying the runtime.

---

**Version**: 1.1 | **Ratified**: 2026-06-19 | **Last Amended**: 2026-06-20
[0m
[0m$ [0mrtk grep -n "npm\|playwright\|build\|lint" AGENTS.md 2>/dev/null | head -20; echo "==="; rtk ls ui/src/api/ 2>/dev/null; echo "==="; rtk read ui/src/api/client.ts 2>/dev/null | head -40
18 matches in 1 files:

AGENTS.md:14:- Specific build commands (go build, npm run build, cargo build)
AGENTS.md:15:- Specific test commands (go test, npm test, npx playwright test)
AGENTS.md:16:- Specific file names (go.mod, package.json, playwright.config.ts)
AGENTS.md:21:Instructions should tell agents to **discover** the project's build/test infr...
AGENTS.md:37:PATH="$PATH:/usr/local/go/bin" go build -o ~/go/bin/devteam ./cmd/devteam/
AGENTS.md:53:npm install        # install dependencies
AGENTS.md:54:npm run build      # production build
AGENTS.md:55:npm run dev        # dev server
AGENTS.md:56:npm run lint       # eslint
AGENTS.md:57:npm run test:e2e   # Playwright e2e tests (uses port 18765, not 8765)
AGENTS.md:62:Playwright config is at `ui/playwright.config.ts`. It uses port **18765** (no...
AGENTS.md:66:npx playwright install chromium          # install browser if needed
AGENTS.md:67:npx playwright test --reporter=line       # run all e2e tests
AGENTS.md:68:npx playwright test kanban.spec.ts        # run specific test file
AGENTS.md:138:- Playwright tests use :18765 (configured in `ui/playwright.config.ts`)
AGENTS.md:175:go build -o ~/go/bin/devteam ./cmd/devteam/
AGENTS.md:176:cd ui && npm run build
AGENTS.md:180:Never build or deploy from a worktree. Always wait for PRs to merge, pull mai...
===
client.ts  4.8K
===
import type {
  FeatureListResponse,
  FeatureDetail,
  CreateFeatureRequest,
  RecirculateRequest,
  GateResult,
  ErrorResponse,
  Question,
  CreateQuestionRequest,
  AnswerQuestionRequest,
} from '../types';

const API_BASE = '/api';

async function request<T>(path: string, options?: RequestInit): Promise<T> {
  const response = await fetch(`${API_BASE}${path}`, {
    headers: {
      'Content-Type': 'application/json',
    },
    ...options,
  });

  if (!response.ok) {
    const errorData: ErrorResponse = await response.json().catch(() => ({
      error: 'unknown_error',
      details: response.statusText,
    }));
    throw new ApiError(response.status, errorData.error, errorData.details);
  }

  // 204 No Content
  if (response.status === 204) {
    return undefined as T;
  }

  return response.json();
}

export class ApiError extends Error {
  constructor(
[0m
[0m→ [0mRead ui/src/api/client.ts[90m [offset=40, limit=80][0m
[0m
[0m$ [0mrtk ls ui/src/hooks/ 2>/dev/null; echo "==="; rtk read ui/src/App.tsx 2>/dev/null; echo "==="; rtk read AGENTS.md 2>/dev/null | head -80
useFeatures.ts  446B
useSSE.ts  4.1K
===
import { Routes, Route } from 'react-router';
import Dashboard from './pages/Dashboard';
import FeatureDetail from './pages/FeatureDetail';
import ConnectionStatus from './components/ConnectionStatus';
import { ThemeToggle } from './components/ThemeToggle';

export default function App() {
  return (
    <div className="min-h-screen bg-gray-50 dark:bg-gray-900">
      <header className="bg-white dark:bg-gray-800 shadow-sm border-b border-gray-200 dark:border-gray-700">
        <div className="max-w-7xl mx-auto px-4 sm:px-6 lg:px-8 py-4 flex items-center justify-between">
          <h1 className="text-xl font-bold text-gray-900 dark:text-white">
            Dev Team
          </h1>
          <ThemeToggle />
        </div>
      </header>
      <ConnectionStatus />
      <main className="max-w-7xl mx-auto px-4 sm:px-6 lg:px-8 py-6">
        <Routes>
          <Route path="/" element={<Dashboard />} />
          <Route path="/features/:id" element={<FeatureDetail />} />
        </Routes>
      </main>
    </div>
  );
}===
# AGENTS.md — Dev Team Repository

This file provides context for AI agents working in this repository.

## Project Overview

Dev Team is an **AI-Driven Development Life Cycle (AI-DLC) platform** that orchestrates multi-agent software development through structured phases: inception → planning → construction → review → testing → delivery.

The platform itself is a Go backend with a React/TypeScript frontend. It dispatches opencode agents to work on features in per-spec git worktrees.

## CRITICAL: This Is a Platform, Not a Project

Phase instructions, gate checks, and role instructions must NEVER reference:
- Specific build commands (go build, npm run build, cargo build)
- Specific test commands (go test, npm test, npx playwright test)
- Specific file names (go.mod, package.json, playwright.config.ts)
- Specific ports (8765, 18765)
- Repository-specific helper scripts
- Language-specific patterns (json tags, omitempty, httptest)

Instructions should tell agents to **discover** the project's build/test infrastructure and use whatever commands the project supports.

## Build & Test Commands

### IMPORTANT: Go binary location

The `go` binary is at `/usr/local/go/bin/go`. It may not be in your default PATH. Always use the full path or prepend to PATH:

```bash
export PATH="$PATH:/usr/local/go/bin"
```

### Backend (Go)

```bash
# Build (use full path if go is not in PATH)
PATH="$PATH:/usr/local/go/bin" go build -o ~/go/bin/devteam ./cmd/devteam/

# Run tests
PATH="$PATH:/usr/local/go/bin" go test ./... -count=1 -timeout 120s

# Run with coverage
PATH="$PATH:/usr/local/go/bin" go test ./... -cover -count=1

# Vet
PATH="$PATH:/usr/local/go/bin" go vet ./...
```

### Frontend (UI)

```bash
cd ui
npm install        # install dependencies
npm run build      # production build
npm run dev        # dev server
npm run lint       # eslint
npm run test:e2e   # Playwright e2e tests (uses port 18765, not 8765)
```

### Playwright E2E Tests

Playwright config is at `ui/playwright.config.ts`. It uses port **18765** (not 8765, which is the production service).

```bash
cd ui
npx playwright install chromium          # install browser if needed
npx playwright test --reporter=line       # run all e2e tests
npx playwright test kanban.spec.ts        # run specific test file
```

The Playwright `webServer` config automatically starts a test server on :18765. The config uses `cwd: repoRoot` so the server runs from the repo root (where `devteam.yaml` lives).

- Set `START_SERVER=1` to force Playwright to start its own server
- If using `SERVER_BINARY`, include `cd` to the repo root: `SERVER_BINARY="cd /path/to/repo && /path/to/binary -http :18765"`
- Do NOT set `SERVER_BINARY` to just a binary path — the binary needs to run from the repo root to find `devteam.yaml`

## Service Architecture

- **devteam-web**: systemd service on `:8765` (production)
- **Binary**: `~/go/bin/devteam`
[0m
[0m# [0mTodos
[✓] Read spec/acceptance/repos + explore codebase patterns
[•] Write research.md (existing code patterns, library choices, alternatives)
[ ] Write data-model.md (derived view entities, no new persisted entities)
[ ] Write contracts/ directory (no API contracts; document internal component contracts)
[ ] Write plan.md (tech context, project structure, constraint map, consistency matrix, test strategy)
[ ] Write tasks.md (per user story, file paths, done conditions, test levels, constraint refs)
[ ] Append audit.md
[ ] Quality gate self-check against 15 criteria
[0m
[0m← [0mWrite specs/kanban-view/research.md
Wrote file successfully.
[0m
Now writing artifacts. Starting with research.md.
[0m
[0m✗ [0mTodos failed
[91m[1mError: [0mThe todowrite tool was called with invalid arguments: SchemaError(Expected array, got "[{\"content\":Read spec/acceptance/repos + explore codebase patterns\",\"priority\":\"high\",\"status\":\"completed\"},{\"content\":\"Write research.md\",\"priority\":\"high\",\"status\":\"completed\"},{\"content\":\"Write data-model.md\",\"priority\":\"high\",\"status\":\"in_progress\"},{\"content\":\"Write contracts/ directory\",\"priority\":\"high\",\"status\":\"pending\"},{\"content\":\"Write plan.md\",\"priority\":\"high\",\"status\":\"pending\"},{\"content\":\"Write tasks.md\",\"priority\":\"high\",\"status\":\"pending\"},{\"content\":\"Append audit.md\",\"priority\":\"medium\",\"status\":\"pending\"},{\"content\":\"Quality gate self-check against 15 criteria\",\"priority\":\"high\",\"status\":\"pending\"}]"
  at ["todos"]).
Please rewrite the input so it satisfies the expected schema.
[0m
[0m# [0mTodos
[✓] Read spec/acceptance/repos + explore codebase patterns
[✓] Write research.md
[•] Write data-model.md
[ ] Write contracts/ directory
[ ] Write plan.md
[ ] Write tasks.md
[ ] Append audit.md
[ ] Quality gate self-check against 15 criteria
[0m
[0m← [0mWrite specs/kanban-view/data-model.md
Wrote file successfully.
[0m
[0m$ [0mmkdir -p /home/lobsterdog/source/devteam/specs/kanban-view/contracts
(no output)
[0m
[0m← [0mWrite specs/kanban-view/contracts/components.md
Wrote file successfully.
[0m
[0m← [0mWrite specs/kanban-view/contracts/GET-api-features.md
Wrote file successfully.
[0m
[0m← [0mWrite specs/kanban-view/plan.md
Wrote file successfully.
[0m
Now the plan.md.
[0m
[0m← [0mWrite specs/kanban-view/tasks.md
Wrote file successfully.
[0m
Now tasks.md.
[0m
[0m✗ [0mTodos failed
[91m[1mError: [0mThe todowrite tool was called with invalid arguments: SchemaError(Expected array, got "[{\"content\":Read spec/acceptance/repos + explore codebase patterns\",\"priority\":\"high\",\"status\":\"completed\"},{\"content\":\"Write research.md\",\"priority\":\"high\",\"status\":\"completed\"},{\"content\":\"Write data-model.md\",\"priority\":\"high\",\"status\":\"completed\"},{\"content\":\"Write contracts/ directory\",\"priority\":\"high\",\"status\":\"completed\"},{\"content\":\"Write plan.md\",\"priority\":\"high\",\"status\":\"completed\"},{\"content\":\"Write tasks.md\",\"priority\":\"high\",\"status\":\"completed\"},{\"content\":\"Append audit.md\",\"priority\":\"medium\",\"status\":\"in_progress\"},{\"content\":\"Quality gate self-check against 15 criteria\",\"priority\":\"high\",\"status\":\"pending\"}]"
  at ["todos"]).
Please rewrite the input so it satisfies the expected schema.
[0m→ [0mRead specs/kanban-view/audit.md
[0m
[0m$ [0mcat >> /home/lobsterdog/source/devteam/specs/kanban-view/audit.md << 'EOF'

## Planning Phase

## 2026-06-22T00:00:10Z
**Action**: Planning artifacts written
**Details**: Architect phase. Read spec.md, acceptance.md, repos.yaml, questions.json, existing ui/ code (Dashboard, FeatureCard, FeatureList, types, App, e2e/app.spec.ts, playwright.config, package.json, AGENTS.md, constitution.md). Produced: research.md (existing patterns, library choices, alternatives), data-model.md (view-only structures — no new persisted entities), contracts/components.md + contracts/GET-api-features.md (internal component prop contracts; no new HTTP endpoints), plan.md (tech context, constitution check, project structure, constraint verification map for CON-001..CON-010, cross-component consistency matrix, test strategy, negative case design, agent failure mode checks, quality checkpoints, quickstart), tasks.md (17 tasks across 9 phases, per user story, file paths, done conditions, test levels, constraint refs, agent failure mode checks).

## 2026-06-22T00:00:11Z
**Action**: Constraint verification map complete
**Details**: All 10 constraints (CON-001..CON-010) from PM register mapped to design decision, component(s), verification checkpoint, test type. No constraint unaddressed.

## 2026-06-22T00:00:12Z
**Action**: Cross-component consistency matrix complete
**Details**: 9 shared values traced across producers/consumers (FeatureSummary shape, current_phase value set, PHASES order, PHASE_LABELS text, card markup, card click route, priority sort, updated_at tiebreaker, viewMode persistence key). Single-repo feature — no cross-repo surface. No RFC/standard conformance surface.

## 2026-06-22T00:00:13Z
**Action**: No interactive questions surfaced
**Details**: PM questions.json (6 questions) already answered in spec via assumptions. No architecture-level ambiguity remaining — all design decisions resolved by reading existing code (FeatureCard reuse, PHASES constant, localStorage pattern) and spec assumptions. No questions.json written for planning phase.
EOF
echo "appended"
appended
[0m
Append audit, then verify artifacts and run quality gate.
[0m
[0m$ [0mrtk ls specs/kanban-view/ specs/kanban-view/contracts/ 2>/dev/null
contracts/
.devteam-state.yaml  681B
CONTEXT.md  81.7K
acceptance.md  12.6K
audit.md  3.4K
data-model.md  6.8K
input.md  961B
plan.md  20.9K
questions.json  2.7K
repos.yaml  521B
research.md  7.6K
spec.md  23.0K
tasks.md  23.9K
GET-api-features.md  2.6K
components.md  7.5K
[0m
Now quality gate self-check against the 15 criteria.
[0m
[0m$ [0mrtk status 2>/dev/null; echo "==="; rtk branch --show-current 2>/dev/null; echo "==="; rtk log --oneline -5 2>/dev/null
===
===
[0m
Quality gate self-check (15 criteria):

1. ✅ Every constraint has design decision — CON-001..CON-010 all mapped in plan.md
2. ✅ Constraint verification map exists — plan.md
3. ✅ Cross-component consistency matrix exists — plan.md (9 shared values)
4. ✅ Every task has specific file path — tasks.md T001-T017 all `ui/...`
5. ✅ Every task has done condition with verifiable assertions
6. ✅ Every task references constraints or justifies none (T009-T012 justify "no implementation")
7. ✅ Every task specifies test level (smoke/unit/e2e)
8. ✅ Cross-repo boundaries — N/A single repo, documented in plan
9. ✅ Dependencies explicit — tasks.md "Dependencies & Execution Order"
10. ✅ Developer can start without asking "where?" — exact paths
11. ✅ Test strategy section exists — per-component levels in plan.md
12. ✅ Quality checkpoints at task boundaries — plan.md + tasks.md
13. ✅ Agent failure mode checks — plan.md table + per-task checks
14. ✅ Negative case design — plan.md table (9 edge cases)
15. ✅ Constitution principles honored — 10/10 compliant

All 15 gate criteria pass. Checking git state to commit artifacts.
[0m
[0m$ [0mrtk git status 2>&1 | head -30; echo "==="; rtk git branch --show-current 2>&1; echo "==="; rtk git log --oneline -5 2>&1
* main...origin/main
 M specs/kanban-view/.devteam-state.yaml
 M specs/kanban-view/CONTEXT.md
 M specs/kanban-view/acceptance.md
 M specs/kanban-view/input.md
 M specs/kanban-view/plan.md
 M specs/kanban-view/repos.yaml
 M specs/kanban-view/spec.md
 M specs/kanban-view/tasks.md
?? .devteam.db
?? .devteam.db-shm
?? .devteam.db-wal
?? logs/
?? specs/kanban-view/audit.md
?? specs/kanban-view/contracts/
?? specs/kanban-view/data-model.md
?? specs/kanban-view/questions.json
?? specs/kanban-view/research.md
?? worktrees/
===
main
===
cfd7594 fix: migration deadlock — pass transaction to migration Up function (#43)
4931845 feat: external database support + versioned migrations (#42)
1a8f67d feat: SQLite backend for operational data — full database layer (#41)
a7e8556 fix: comprehensive platform rebuild — gates, notes, liveness, logs (#40)
1c4ce54 fix: gates check for actual work, not just file existence (#39)
[0m
[0m# [0mTodos
[✓] Read spec/acceptance/repos + explore codebase patterns
[✓] Write research.md
[✓] Write data-model.md
[✓] Write contracts/ directory
[✓] Write plan.md
[✓] Write tasks.md
[✓] Append audit.md
[✓] Quality gate self-check against 15 criteria
[0m
Artifacts written. The orchestrator owns phase state files (`.devteam-state.yaml`) and PM artifacts — I'll leave committing to the pipeline transition rather than touch state I don't own.
[0m
Architect phase complete for `kanban-view`.

## Artifacts produced (specs/kanban-view/)

- **research.md** — existing code patterns (Dashboard data flow, FeatureCard reuse, PHASES/PHASE_LABELS source, e2e port 18765 convention, build/lint commands), library choices (localStorage, native flexbox + Tailwind, no DnD lib), 8 alternatives considered + rejected with rationale, perf characteristics.
- **data-model.md** — no new persisted entities (pure presentation over existing `FeatureSummary`). View-only structures: `ViewMode`, `PhaseColumn` (derived per-render), `OtherColumn` (fallback), `orderCards` pure helper. Validation rules + invariants table.
- **contracts/components.md** — internal React prop contracts for `ViewToggle`, `KanbanBoard`, `KanbanColumn`, `orderCards`, `localStorage` persistence. Full testid contracts + accessibility + edge behavior.
- **contracts/GET-api-features.md** — documents that no new HTTP endpoint is added; existing endpoint consumed unchanged.
- **plan.md** — tech context (TS/React19, one devDep vitest added, localStorage storage, smoke+unit+e2e testing, port 18765), constitution check (10/10 compliant), project structure (6 new + 1 modified file in `ui/`), **constraint verification map** (CON-001..CON-010 all mapped to design decision + component + checkpoint + test type), **cross-component consistency matrix** (9 shared values traced producer→consumer), test strategy per component (smoke/unit/e2e, no conformance — no RFC), negative case design (9 edge cases), agent failure mode checks (10 patterns), quality checkpoints, quickstart.
- **tasks.md** — 17 tasks (T001-T017) across 9 phases grouped by user story priority. Foundational (types, vitest, orderCards+unit test) → US-1/US-2/US-3 (P1 MVP) → US-4/US-5 (P2, no new impl — CSS/logic baked in) → US-6 (P3, no new impl — Dashboard branch structure) → e2e suite → polish. Every task: exact `ui/...` file path, constraint refs, done condition with verifiable assertions, test level, agent failure mode check. Tasks T009-T012 explicitly justify "no implementation — satisfied by reuse".

## Quality gate

All 15 gate criteria pass:
1. Every constraint has a design decision ✅
2. Constraint verification map exists ✅
3. Cross-component consistency matrix exists ✅
4. Every task has a file path ✅
5. Every task has verifiable done conditions ✅
6. Every task references constraints or justifies none ✅
7. Every task specifies test level ✅
8. Cross-repo boundaries (N/A single-repo, documented) ✅
9. Dependencies explicit ✅
10. Developer can start without asking "where?" ✅
11. Test strategy section exists ✅
12. Quality checkpoints at task boundaries ✅
13. Agent failure mode checks specified ✅
14. Negative case design exists ✅
15. Constitution principles honored ✅

Skipped: commit/push — the orchestrator owns `.devteam-state.yaml` and PM artifacts (spec/acceptance/repos); the pipeline transition will commit the planning artifacts together with state. No interactive planning questions surfaced — all architecture decisions resolved by reading existing code + PM's documented assumptions.
[0m
Error: unknown command "hook" for "llmem"
Run 'llmem --help' for usage.
